

/******************************************************************************************
* WriteStepFile diagnostics.
* Date:                           Tue Nov 02 16:58:36 2021 
* Produced by:                    The EXPRESS Data Manager Version 5.02.0100.07 : 28 Aug 2013
* Module:                         EDMstepFileFactory/EDMstandAlone
* Host:                           MyLenovo20
* Database:                       C:\Users\anast\AppData\Local\Temp\aa57b8f2-aa37-4da2-9383-2f1142067165\d5c71127-873d-417c-bee7-ab7903144a0e\ifc
* Database version:               5507
* Database creation date:         Tue Nov 02 16:58:30 2021
* Model:                          DataRepository.ifc
* Model creation date:            Tue Nov 02 16:58:31 2021
* Header model:                   DataRepository.ifc_HeaderModel
* Header model creation date:     Tue Nov 02 16:58:31 2021
* Step file:                      demo_Beispiel_zweiRooms.ifc
* EDMuser:                        sdai-user
* EDMgroup:                       sdai-group
* License ID and type:            5605 : Permanent license. Expiry date: 
* EDMstepFileFactory options:     020000
******************************************************************************************/


------------------------------------------------------------------------------------------------
Operation terminated successfully.
------------------------------------------------------------------------------------------------

