

/******************************************************************************************
* WriteStepFile diagnostics.
* Date:                           Tue Nov 02 16:52:00 2021 
* Produced by:                    The EXPRESS Data Manager Version 5.02.0100.07 : 28 Aug 2013
* Module:                         EDMstepFileFactory/EDMstandAlone
* Host:                           MyLenovo20
* Database:                       C:\Users\anast\AppData\Local\Temp\69b6060e-1644-47a3-874a-15115f4a23ac\e8b3b55d-96d9-4f28-bc35-5a05659aea22\ifc
* Database version:               5507
* Database creation date:         Tue Nov 02 16:51:50 2021
* Model:                          DataRepository.ifc
* Model creation date:            Tue Nov 02 16:51:51 2021
* Header model:                   DataRepository.ifc_HeaderModel
* Header model creation date:     Tue Nov 02 16:51:51 2021
* Step file:                      demo_Beispiel_Waende_ohneRooms.ifc
* EDMuser:                        sdai-user
* EDMgroup:                       sdai-group
* License ID and type:            5605 : Permanent license. Expiry date: 
* EDMstepFileFactory options:     020000
******************************************************************************************/


------------------------------------------------------------------------------------------------
Operation terminated successfully.
------------------------------------------------------------------------------------------------

