

/******************************************************************************************
* WriteStepFile diagnostics.
* Date:                           Tue Nov 02 16:53:11 2021 
* Produced by:                    The EXPRESS Data Manager Version 5.02.0100.07 : 28 Aug 2013
* Module:                         EDMstepFileFactory/EDMstandAlone
* Host:                           MyLenovo20
* Database:                       C:\Users\anast\AppData\Local\Temp\69b6060e-1644-47a3-874a-15115f4a23ac\89dd1c06-3c8e-4489-bb85-121693f53f54\ifc
* Database version:               5507
* Database creation date:         Tue Nov 02 16:53:06 2021
* Model:                          DataRepository.ifc
* Model creation date:            Tue Nov 02 16:53:07 2021
* Header model:                   DataRepository.ifc_HeaderModel
* Header model creation date:     Tue Nov 02 16:53:07 2021
* Step file:                      demo_Beispiel_pitchedRoof.ifc
* EDMuser:                        sdai-user
* EDMgroup:                       sdai-group
* License ID and type:            5605 : Permanent license. Expiry date: 
* EDMstepFileFactory options:     020000
******************************************************************************************/


------------------------------------------------------------------------------------------------
Operation terminated successfully.
------------------------------------------------------------------------------------------------

